2024-09-13 16:07:45 [main] INFO  com.example.spring_secure.SpringSecureApplication - Starting SpringSecureApplication using Java 20.0.2 with PID 21980 (C:\Users\Martin\IdeaProjects\demo3\Spring_secure\target\classes started by Martin in C:\Users\Martin\IdeaProjects\demo3\Spring_secure)
2024-09-13 16:07:45 [main] INFO  com.example.spring_secure.SpringSecureApplication - No active profile set, falling back to 1 default profile: "default"
2024-09-13 16:07:47 [main] INFO  com.example.spring_secure.SpringSecureApplication - Started SpringSecureApplication in 1.75 seconds (process running for 2.399)
2024-09-13 16:07:52 [http-nio-8080-exec-1] INFO  com.example.spring_secure.ComponentClass - Division av 10 / 2 = 5
2024-09-13 16:08:14 [http-nio-8080-exec-7] INFO  com.example.spring_secure.ComponentClass - Division av 10 / 2 = 5
2024-09-13 16:08:36 [http-nio-8080-exec-8] ERROR com.example.spring_secure.ComponentClass - Error: 
java.lang.ArithmeticException: / by zero
	at com.example.spring_secure.ComponentClass.divide(ComponentClass.java:15)
	at com.example.spring_secure.SpringController.divide(SpringController.java:77)
	at java.base/jdk.internal.reflect.DirectMethodHandleAccessor.invoke(DirectMethodHandleAccessor.java:104)
	at java.base/java.lang.reflect.Method.invoke(Method.java:578)
	at org.springframework.web.method.support.InvocableHandlerMethod.doInvoke(InvocableHandlerMethod.java:255)
	at org.springframework.web.method.support.InvocableHandlerMethod.invokeForRequest(InvocableHandlerMethod.java:188)
	at org.springframework.web.servlet.mvc.method.annotation.ServletInvocableHandlerMethod.invokeAndHandle(ServletInvocableHandlerMethod.java:118)
	at org.springframework.web.servlet.mvc.method.annotation.RequestMappingHandlerAdapter.invokeHandlerMethod(RequestMappingHandlerAdapter.java:926)
	at org.springframework.web.servlet.mvc.method.annotation.RequestMappingHandlerAdapter.handleInternal(RequestMappingHandlerAdapter.java:831)
	at org.springframework.web.servlet.mvc.method.AbstractHandlerMethodAdapter.handle(AbstractHandlerMethodAdapter.java:87)
	at org.springframework.web.servlet.DispatcherServlet.doDispatch(DispatcherServlet.java:1089)
	at org.springframework.web.servlet.DispatcherServlet.doService(DispatcherServlet.java:979)
	at org.springframework.web.servlet.FrameworkServlet.processRequest(FrameworkServlet.java:1014)
	at org.springframework.web.servlet.FrameworkServlet.doGet(FrameworkServlet.java:903)
	at jakarta.servlet.http.HttpServlet.service(HttpServlet.java:564)
	at org.springframework.web.servlet.FrameworkServlet.service(FrameworkServlet.java:885)
	at jakarta.servlet.http.HttpServlet.service(HttpServlet.java:658)
	at org.apache.catalina.core.ApplicationFilterChain.internalDoFilter(ApplicationFilterChain.java:195)
	at org.apache.catalina.core.ApplicationFilterChain.doFilter(ApplicationFilterChain.java:140)
	at org.apache.tomcat.websocket.server.WsFilter.doFilter(WsFilter.java:51)
	at org.apache.catalina.core.ApplicationFilterChain.internalDoFilter(ApplicationFilterChain.java:164)
	at org.apache.catalina.core.ApplicationFilterChain.doFilter(ApplicationFilterChain.java:140)
	at org.springframework.web.filter.CompositeFilter$VirtualFilterChain.doFilter(CompositeFilter.java:108)
	at org.springframework.security.web.FilterChainProxy.lambda$doFilterInternal$3(FilterChainProxy.java:231)
	at org.springframework.security.web.FilterChainProxy$VirtualFilterChain.doFilter(FilterChainProxy.java:365)
	at org.springframework.security.web.access.intercept.AuthorizationFilter.doFilter(AuthorizationFilter.java:100)
	at org.springframework.security.web.FilterChainProxy$VirtualFilterChain.doFilter(FilterChainProxy.java:374)
	at org.springframework.security.web.access.ExceptionTranslationFilter.doFilter(ExceptionTranslationFilter.java:126)
	at org.springframework.security.web.access.ExceptionTranslationFilter.doFilter(ExceptionTranslationFilter.java:120)
	at org.springframework.security.web.FilterChainProxy$VirtualFilterChain.doFilter(FilterChainProxy.java:374)
	at org.springframework.security.web.authentication.AnonymousAuthenticationFilter.doFilter(AnonymousAuthenticationFilter.java:100)
	at org.springframework.security.web.FilterChainProxy$VirtualFilterChain.doFilter(FilterChainProxy.java:374)
	at org.springframework.security.web.servletapi.SecurityContextHolderAwareRequestFilter.doFilter(SecurityContextHolderAwareRequestFilter.java:179)
	at org.springframework.security.web.FilterChainProxy$VirtualFilterChain.doFilter(FilterChainProxy.java:374)
	at org.springframework.security.web.savedrequest.RequestCacheAwareFilter.doFilter(RequestCacheAwareFilter.java:63)
	at org.springframework.security.web.FilterChainProxy$VirtualFilterChain.doFilter(FilterChainProxy.java:374)
	at org.springframework.security.web.authentication.ui.DefaultLogoutPageGeneratingFilter.doFilterInternal(DefaultLogoutPageGeneratingFilter.java:58)
	at org.springframework.web.filter.OncePerRequestFilter.doFilter(OncePerRequestFilter.java:116)
	at org.springframework.security.web.FilterChainProxy$VirtualFilterChain.doFilter(FilterChainProxy.java:374)
	at org.springframework.security.web.authentication.ui.DefaultLoginPageGeneratingFilter.doFilter(DefaultLoginPageGeneratingFilter.java:189)
	at org.springframework.security.web.authentication.ui.DefaultLoginPageGeneratingFilter.doFilter(DefaultLoginPageGeneratingFilter.java:175)
	at org.springframework.security.web.FilterChainProxy$VirtualFilterChain.doFilter(FilterChainProxy.java:374)
	at org.springframework.security.web.authentication.AbstractAuthenticationProcessingFilter.doFilter(AbstractAuthenticationProcessingFilter.java:227)
	at org.springframework.security.web.authentication.AbstractAuthenticationProcessingFilter.doFilter(AbstractAuthenticationProcessingFilter.java:221)
	at org.springframework.security.web.FilterChainProxy$VirtualFilterChain.doFilter(FilterChainProxy.java:374)
	at org.springframework.security.web.authentication.logout.LogoutFilter.doFilter(LogoutFilter.java:107)
	at org.springframework.security.web.authentication.logout.LogoutFilter.doFilter(LogoutFilter.java:93)
	at org.springframework.security.web.FilterChainProxy$VirtualFilterChain.doFilter(FilterChainProxy.java:374)
	at org.springframework.security.web.csrf.CsrfFilter.doFilterInternal(CsrfFilter.java:117)
	at org.springframework.web.filter.OncePerRequestFilter.doFilter(OncePerRequestFilter.java:116)
	at org.springframework.security.web.FilterChainProxy$VirtualFilterChain.doFilter(FilterChainProxy.java:374)
	at org.springframework.web.filter.CorsFilter.doFilterInternal(CorsFilter.java:91)
	at org.springframework.web.filter.OncePerRequestFilter.doFilter(OncePerRequestFilter.java:116)
	at org.springframework.security.web.FilterChainProxy$VirtualFilterChain.doFilter(FilterChainProxy.java:374)
	at org.springframework.security.web.header.HeaderWriterFilter.doHeadersAfter(HeaderWriterFilter.java:90)
	at org.springframework.security.web.header.HeaderWriterFilter.doFilterInternal(HeaderWriterFilter.java:75)
	at org.springframework.web.filter.OncePerRequestFilter.doFilter(OncePerRequestFilter.java:116)
	at org.springframework.security.web.FilterChainProxy$VirtualFilterChain.doFilter(FilterChainProxy.java:374)
	at org.springframework.security.web.context.SecurityContextHolderFilter.doFilter(SecurityContextHolderFilter.java:82)
	at org.springframework.security.web.context.SecurityContextHolderFilter.doFilter(SecurityContextHolderFilter.java:69)
	at org.springframework.security.web.FilterChainProxy$VirtualFilterChain.doFilter(FilterChainProxy.java:374)
	at org.springframework.security.web.context.request.async.WebAsyncManagerIntegrationFilter.doFilterInternal(WebAsyncManagerIntegrationFilter.java:62)
	at org.springframework.web.filter.OncePerRequestFilter.doFilter(OncePerRequestFilter.java:116)
	at org.springframework.security.web.FilterChainProxy$VirtualFilterChain.doFilter(FilterChainProxy.java:374)
	at org.springframework.security.web.session.DisableEncodeUrlFilter.doFilterInternal(DisableEncodeUrlFilter.java:42)
	at org.springframework.web.filter.OncePerRequestFilter.doFilter(OncePerRequestFilter.java:116)
	at org.springframework.security.web.FilterChainProxy$VirtualFilterChain.doFilter(FilterChainProxy.java:374)
	at org.springframework.security.web.FilterChainProxy.doFilterInternal(FilterChainProxy.java:233)
	at org.springframework.security.web.FilterChainProxy.doFilter(FilterChainProxy.java:191)
	at org.springframework.web.filter.CompositeFilter$VirtualFilterChain.doFilter(CompositeFilter.java:113)
	at org.springframework.web.servlet.handler.HandlerMappingIntrospector.lambda$createCacheFilter$3(HandlerMappingIntrospector.java:195)
	at org.springframework.web.filter.CompositeFilter$VirtualFilterChain.doFilter(CompositeFilter.java:113)
	at org.springframework.web.filter.CompositeFilter.doFilter(CompositeFilter.java:74)
	at org.springframework.security.config.annotation.web.configuration.WebMvcSecurityConfiguration$CompositeFilterChainProxy.doFilter(WebMvcSecurityConfiguration.java:230)
	at org.springframework.web.filter.DelegatingFilterProxy.invokeDelegate(DelegatingFilterProxy.java:352)
	at org.springframework.web.filter.DelegatingFilterProxy.doFilter(DelegatingFilterProxy.java:268)
	at org.apache.catalina.core.ApplicationFilterChain.internalDoFilter(ApplicationFilterChain.java:164)
	at org.apache.catalina.core.ApplicationFilterChain.doFilter(ApplicationFilterChain.java:140)
	at org.springframework.web.filter.RequestContextFilter.doFilterInternal(RequestContextFilter.java:100)
	at org.springframework.web.filter.OncePerRequestFilter.doFilter(OncePerRequestFilter.java:116)
	at org.apache.catalina.core.ApplicationFilterChain.internalDoFilter(ApplicationFilterChain.java:164)
	at org.apache.catalina.core.ApplicationFilterChain.doFilter(ApplicationFilterChain.java:140)
	at org.springframework.web.filter.FormContentFilter.doFilterInternal(FormContentFilter.java:93)
	at org.springframework.web.filter.OncePerRequestFilter.doFilter(OncePerRequestFilter.java:116)
	at org.apache.catalina.core.ApplicationFilterChain.internalDoFilter(ApplicationFilterChain.java:164)
	at org.apache.catalina.core.ApplicationFilterChain.doFilter(ApplicationFilterChain.java:140)
	at org.springframework.web.filter.CharacterEncodingFilter.doFilterInternal(CharacterEncodingFilter.java:201)
	at org.springframework.web.filter.OncePerRequestFilter.doFilter(OncePerRequestFilter.java:116)
	at org.apache.catalina.core.ApplicationFilterChain.internalDoFilter(ApplicationFilterChain.java:164)
	at org.apache.catalina.core.ApplicationFilterChain.doFilter(ApplicationFilterChain.java:140)
	at org.apache.catalina.core.StandardWrapperValve.invoke(StandardWrapperValve.java:167)
	at org.apache.catalina.core.StandardContextValve.invoke(StandardContextValve.java:90)
	at org.apache.catalina.authenticator.AuthenticatorBase.invoke(AuthenticatorBase.java:483)
	at org.apache.catalina.core.StandardHostValve.invoke(StandardHostValve.java:115)
	at org.apache.catalina.valves.ErrorReportValve.invoke(ErrorReportValve.java:93)
	at org.apache.catalina.core.StandardEngineValve.invoke(StandardEngineValve.java:74)
	at org.apache.catalina.connector.CoyoteAdapter.service(CoyoteAdapter.java:344)
	at org.apache.coyote.http11.Http11Processor.service(Http11Processor.java:389)
	at org.apache.coyote.AbstractProcessorLight.process(AbstractProcessorLight.java:63)
	at org.apache.coyote.AbstractProtocol$ConnectionHandler.process(AbstractProtocol.java:904)
	at org.apache.tomcat.util.net.NioEndpoint$SocketProcessor.doRun(NioEndpoint.java:1741)
	at org.apache.tomcat.util.net.SocketProcessorBase.run(SocketProcessorBase.java:52)
	at org.apache.tomcat.util.threads.ThreadPoolExecutor.runWorker(ThreadPoolExecutor.java:1190)
	at org.apache.tomcat.util.threads.ThreadPoolExecutor$Worker.run(ThreadPoolExecutor.java:659)
	at org.apache.tomcat.util.threads.TaskThread$WrappingRunnable.run(TaskThread.java:63)
	at java.base/java.lang.Thread.run(Thread.java:1623)
2024-09-13 16:09:32 [main] INFO  com.example.spring_secure.SpringSecureApplication - Starting SpringSecureApplication using Java 20.0.2 with PID 24884 (C:\Users\Martin\IdeaProjects\demo3\Spring_secure\target\classes started by Martin in C:\Users\Martin\IdeaProjects\demo3\Spring_secure)
2024-09-13 16:09:32 [main] INFO  com.example.spring_secure.SpringSecureApplication - No active profile set, falling back to 1 default profile: "default"
2024-09-13 16:09:34 [main] INFO  com.example.spring_secure.SpringSecureApplication - Started SpringSecureApplication in 1.864 seconds (process running for 2.456)
2024-09-13 16:09:37 [http-nio-8080-exec-1] ERROR com.example.spring_secure.ComponentClass - Error: du delar på 0
java.lang.ArithmeticException: / by zero
	at com.example.spring_secure.ComponentClass.divide(ComponentClass.java:15)
	at com.example.spring_secure.SpringController.divide(SpringController.java:77)
	at java.base/jdk.internal.reflect.DirectMethodHandleAccessor.invoke(DirectMethodHandleAccessor.java:104)
	at java.base/java.lang.reflect.Method.invoke(Method.java:578)
	at org.springframework.web.method.support.InvocableHandlerMethod.doInvoke(InvocableHandlerMethod.java:255)
	at org.springframework.web.method.support.InvocableHandlerMethod.invokeForRequest(InvocableHandlerMethod.java:188)
	at org.springframework.web.servlet.mvc.method.annotation.ServletInvocableHandlerMethod.invokeAndHandle(ServletInvocableHandlerMethod.java:118)
	at org.springframework.web.servlet.mvc.method.annotation.RequestMappingHandlerAdapter.invokeHandlerMethod(RequestMappingHandlerAdapter.java:926)
	at org.springframework.web.servlet.mvc.method.annotation.RequestMappingHandlerAdapter.handleInternal(RequestMappingHandlerAdapter.java:831)
	at org.springframework.web.servlet.mvc.method.AbstractHandlerMethodAdapter.handle(AbstractHandlerMethodAdapter.java:87)
	at org.springframework.web.servlet.DispatcherServlet.doDispatch(DispatcherServlet.java:1089)
	at org.springframework.web.servlet.DispatcherServlet.doService(DispatcherServlet.java:979)
	at org.springframework.web.servlet.FrameworkServlet.processRequest(FrameworkServlet.java:1014)
	at org.springframework.web.servlet.FrameworkServlet.doGet(FrameworkServlet.java:903)
	at jakarta.servlet.http.HttpServlet.service(HttpServlet.java:564)
	at org.springframework.web.servlet.FrameworkServlet.service(FrameworkServlet.java:885)
	at jakarta.servlet.http.HttpServlet.service(HttpServlet.java:658)
	at org.apache.catalina.core.ApplicationFilterChain.internalDoFilter(ApplicationFilterChain.java:195)
	at org.apache.catalina.core.ApplicationFilterChain.doFilter(ApplicationFilterChain.java:140)
	at org.apache.tomcat.websocket.server.WsFilter.doFilter(WsFilter.java:51)
	at org.apache.catalina.core.ApplicationFilterChain.internalDoFilter(ApplicationFilterChain.java:164)
	at org.apache.catalina.core.ApplicationFilterChain.doFilter(ApplicationFilterChain.java:140)
	at org.springframework.web.filter.CompositeFilter$VirtualFilterChain.doFilter(CompositeFilter.java:108)
	at org.springframework.security.web.FilterChainProxy.lambda$doFilterInternal$3(FilterChainProxy.java:231)
	at org.springframework.security.web.FilterChainProxy$VirtualFilterChain.doFilter(FilterChainProxy.java:365)
	at org.springframework.security.web.access.intercept.AuthorizationFilter.doFilter(AuthorizationFilter.java:100)
	at org.springframework.security.web.FilterChainProxy$VirtualFilterChain.doFilter(FilterChainProxy.java:374)
	at org.springframework.security.web.access.ExceptionTranslationFilter.doFilter(ExceptionTranslationFilter.java:126)
	at org.springframework.security.web.access.ExceptionTranslationFilter.doFilter(ExceptionTranslationFilter.java:120)
	at org.springframework.security.web.FilterChainProxy$VirtualFilterChain.doFilter(FilterChainProxy.java:374)
	at org.springframework.security.web.authentication.AnonymousAuthenticationFilter.doFilter(AnonymousAuthenticationFilter.java:100)
	at org.springframework.security.web.FilterChainProxy$VirtualFilterChain.doFilter(FilterChainProxy.java:374)
	at org.springframework.security.web.servletapi.SecurityContextHolderAwareRequestFilter.doFilter(SecurityContextHolderAwareRequestFilter.java:179)
	at org.springframework.security.web.FilterChainProxy$VirtualFilterChain.doFilter(FilterChainProxy.java:374)
	at org.springframework.security.web.savedrequest.RequestCacheAwareFilter.doFilter(RequestCacheAwareFilter.java:63)
	at org.springframework.security.web.FilterChainProxy$VirtualFilterChain.doFilter(FilterChainProxy.java:374)
	at org.springframework.security.web.authentication.ui.DefaultLogoutPageGeneratingFilter.doFilterInternal(DefaultLogoutPageGeneratingFilter.java:58)
	at org.springframework.web.filter.OncePerRequestFilter.doFilter(OncePerRequestFilter.java:116)
	at org.springframework.security.web.FilterChainProxy$VirtualFilterChain.doFilter(FilterChainProxy.java:374)
	at org.springframework.security.web.authentication.ui.DefaultLoginPageGeneratingFilter.doFilter(DefaultLoginPageGeneratingFilter.java:189)
	at org.springframework.security.web.authentication.ui.DefaultLoginPageGeneratingFilter.doFilter(DefaultLoginPageGeneratingFilter.java:175)
	at org.springframework.security.web.FilterChainProxy$VirtualFilterChain.doFilter(FilterChainProxy.java:374)
	at org.springframework.security.web.authentication.AbstractAuthenticationProcessingFilter.doFilter(AbstractAuthenticationProcessingFilter.java:227)
	at org.springframework.security.web.authentication.AbstractAuthenticationProcessingFilter.doFilter(AbstractAuthenticationProcessingFilter.java:221)
	at org.springframework.security.web.FilterChainProxy$VirtualFilterChain.doFilter(FilterChainProxy.java:374)
	at org.springframework.security.web.authentication.logout.LogoutFilter.doFilter(LogoutFilter.java:107)
	at org.springframework.security.web.authentication.logout.LogoutFilter.doFilter(LogoutFilter.java:93)
	at org.springframework.security.web.FilterChainProxy$VirtualFilterChain.doFilter(FilterChainProxy.java:374)
	at org.springframework.security.web.csrf.CsrfFilter.doFilterInternal(CsrfFilter.java:117)
	at org.springframework.web.filter.OncePerRequestFilter.doFilter(OncePerRequestFilter.java:116)
	at org.springframework.security.web.FilterChainProxy$VirtualFilterChain.doFilter(FilterChainProxy.java:374)
	at org.springframework.web.filter.CorsFilter.doFilterInternal(CorsFilter.java:91)
	at org.springframework.web.filter.OncePerRequestFilter.doFilter(OncePerRequestFilter.java:116)
	at org.springframework.security.web.FilterChainProxy$VirtualFilterChain.doFilter(FilterChainProxy.java:374)
	at org.springframework.security.web.header.HeaderWriterFilter.doHeadersAfter(HeaderWriterFilter.java:90)
	at org.springframework.security.web.header.HeaderWriterFilter.doFilterInternal(HeaderWriterFilter.java:75)
	at org.springframework.web.filter.OncePerRequestFilter.doFilter(OncePerRequestFilter.java:116)
	at org.springframework.security.web.FilterChainProxy$VirtualFilterChain.doFilter(FilterChainProxy.java:374)
	at org.springframework.security.web.context.SecurityContextHolderFilter.doFilter(SecurityContextHolderFilter.java:82)
	at org.springframework.security.web.context.SecurityContextHolderFilter.doFilter(SecurityContextHolderFilter.java:69)
	at org.springframework.security.web.FilterChainProxy$VirtualFilterChain.doFilter(FilterChainProxy.java:374)
	at org.springframework.security.web.context.request.async.WebAsyncManagerIntegrationFilter.doFilterInternal(WebAsyncManagerIntegrationFilter.java:62)
	at org.springframework.web.filter.OncePerRequestFilter.doFilter(OncePerRequestFilter.java:116)
	at org.springframework.security.web.FilterChainProxy$VirtualFilterChain.doFilter(FilterChainProxy.java:374)
	at org.springframework.security.web.session.DisableEncodeUrlFilter.doFilterInternal(DisableEncodeUrlFilter.java:42)
	at org.springframework.web.filter.OncePerRequestFilter.doFilter(OncePerRequestFilter.java:116)
	at org.springframework.security.web.FilterChainProxy$VirtualFilterChain.doFilter(FilterChainProxy.java:374)
	at org.springframework.security.web.FilterChainProxy.doFilterInternal(FilterChainProxy.java:233)
	at org.springframework.security.web.FilterChainProxy.doFilter(FilterChainProxy.java:191)
	at org.springframework.web.filter.CompositeFilter$VirtualFilterChain.doFilter(CompositeFilter.java:113)
	at org.springframework.web.servlet.handler.HandlerMappingIntrospector.lambda$createCacheFilter$3(HandlerMappingIntrospector.java:195)
	at org.springframework.web.filter.CompositeFilter$VirtualFilterChain.doFilter(CompositeFilter.java:113)
	at org.springframework.web.filter.CompositeFilter.doFilter(CompositeFilter.java:74)
	at org.springframework.security.config.annotation.web.configuration.WebMvcSecurityConfiguration$CompositeFilterChainProxy.doFilter(WebMvcSecurityConfiguration.java:230)
	at org.springframework.web.filter.DelegatingFilterProxy.invokeDelegate(DelegatingFilterProxy.java:352)
	at org.springframework.web.filter.DelegatingFilterProxy.doFilter(DelegatingFilterProxy.java:268)
	at org.apache.catalina.core.ApplicationFilterChain.internalDoFilter(ApplicationFilterChain.java:164)
	at org.apache.catalina.core.ApplicationFilterChain.doFilter(ApplicationFilterChain.java:140)
	at org.springframework.web.filter.RequestContextFilter.doFilterInternal(RequestContextFilter.java:100)
	at org.springframework.web.filter.OncePerRequestFilter.doFilter(OncePerRequestFilter.java:116)
	at org.apache.catalina.core.ApplicationFilterChain.internalDoFilter(ApplicationFilterChain.java:164)
	at org.apache.catalina.core.ApplicationFilterChain.doFilter(ApplicationFilterChain.java:140)
	at org.springframework.web.filter.FormContentFilter.doFilterInternal(FormContentFilter.java:93)
	at org.springframework.web.filter.OncePerRequestFilter.doFilter(OncePerRequestFilter.java:116)
	at org.apache.catalina.core.ApplicationFilterChain.internalDoFilter(ApplicationFilterChain.java:164)
	at org.apache.catalina.core.ApplicationFilterChain.doFilter(ApplicationFilterChain.java:140)
	at org.springframework.web.filter.CharacterEncodingFilter.doFilterInternal(CharacterEncodingFilter.java:201)
	at org.springframework.web.filter.OncePerRequestFilter.doFilter(OncePerRequestFilter.java:116)
	at org.apache.catalina.core.ApplicationFilterChain.internalDoFilter(ApplicationFilterChain.java:164)
	at org.apache.catalina.core.ApplicationFilterChain.doFilter(ApplicationFilterChain.java:140)
	at org.apache.catalina.core.StandardWrapperValve.invoke(StandardWrapperValve.java:167)
	at org.apache.catalina.core.StandardContextValve.invoke(StandardContextValve.java:90)
	at org.apache.catalina.authenticator.AuthenticatorBase.invoke(AuthenticatorBase.java:483)
	at org.apache.catalina.core.StandardHostValve.invoke(StandardHostValve.java:115)
	at org.apache.catalina.valves.ErrorReportValve.invoke(ErrorReportValve.java:93)
	at org.apache.catalina.core.StandardEngineValve.invoke(StandardEngineValve.java:74)
	at org.apache.catalina.connector.CoyoteAdapter.service(CoyoteAdapter.java:344)
	at org.apache.coyote.http11.Http11Processor.service(Http11Processor.java:389)
	at org.apache.coyote.AbstractProcessorLight.process(AbstractProcessorLight.java:63)
	at org.apache.coyote.AbstractProtocol$ConnectionHandler.process(AbstractProtocol.java:904)
	at org.apache.tomcat.util.net.NioEndpoint$SocketProcessor.doRun(NioEndpoint.java:1741)
	at org.apache.tomcat.util.net.SocketProcessorBase.run(SocketProcessorBase.java:52)
	at org.apache.tomcat.util.threads.ThreadPoolExecutor.runWorker(ThreadPoolExecutor.java:1190)
	at org.apache.tomcat.util.threads.ThreadPoolExecutor$Worker.run(ThreadPoolExecutor.java:659)
	at org.apache.tomcat.util.threads.TaskThread$WrappingRunnable.run(TaskThread.java:63)
	at java.base/java.lang.Thread.run(Thread.java:1623)
2024-09-13 16:09:44 [http-nio-8080-exec-6] INFO  com.example.spring_secure.ComponentClass - Division av 10 / 2 = 5
2024-09-13 16:10:21 [http-nio-8080-exec-8] INFO  com.example.spring_secure.ComponentClass - Division av 10 / 2 = 5
2024-09-13 16:10:36 [http-nio-8080-exec-9] ERROR com.example.spring_secure.ComponentClass - Error: du delar på 0
java.lang.ArithmeticException: / by zero
	at com.example.spring_secure.ComponentClass.divide(ComponentClass.java:15)
	at com.example.spring_secure.SpringController.divide(SpringController.java:77)
	at java.base/jdk.internal.reflect.DirectMethodHandleAccessor.invoke(DirectMethodHandleAccessor.java:104)
	at java.base/java.lang.reflect.Method.invoke(Method.java:578)
	at org.springframework.web.method.support.InvocableHandlerMethod.doInvoke(InvocableHandlerMethod.java:255)
	at org.springframework.web.method.support.InvocableHandlerMethod.invokeForRequest(InvocableHandlerMethod.java:188)
	at org.springframework.web.servlet.mvc.method.annotation.ServletInvocableHandlerMethod.invokeAndHandle(ServletInvocableHandlerMethod.java:118)
	at org.springframework.web.servlet.mvc.method.annotation.RequestMappingHandlerAdapter.invokeHandlerMethod(RequestMappingHandlerAdapter.java:926)
	at org.springframework.web.servlet.mvc.method.annotation.RequestMappingHandlerAdapter.handleInternal(RequestMappingHandlerAdapter.java:831)
	at org.springframework.web.servlet.mvc.method.AbstractHandlerMethodAdapter.handle(AbstractHandlerMethodAdapter.java:87)
	at org.springframework.web.servlet.DispatcherServlet.doDispatch(DispatcherServlet.java:1089)
	at org.springframework.web.servlet.DispatcherServlet.doService(DispatcherServlet.java:979)
	at org.springframework.web.servlet.FrameworkServlet.processRequest(FrameworkServlet.java:1014)
	at org.springframework.web.servlet.FrameworkServlet.doGet(FrameworkServlet.java:903)
	at jakarta.servlet.http.HttpServlet.service(HttpServlet.java:564)
	at org.springframework.web.servlet.FrameworkServlet.service(FrameworkServlet.java:885)
	at jakarta.servlet.http.HttpServlet.service(HttpServlet.java:658)
	at org.apache.catalina.core.ApplicationFilterChain.internalDoFilter(ApplicationFilterChain.java:195)
	at org.apache.catalina.core.ApplicationFilterChain.doFilter(ApplicationFilterChain.java:140)
	at org.apache.tomcat.websocket.server.WsFilter.doFilter(WsFilter.java:51)
	at org.apache.catalina.core.ApplicationFilterChain.internalDoFilter(ApplicationFilterChain.java:164)
	at org.apache.catalina.core.ApplicationFilterChain.doFilter(ApplicationFilterChain.java:140)
	at org.springframework.web.filter.CompositeFilter$VirtualFilterChain.doFilter(CompositeFilter.java:108)
	at org.springframework.security.web.FilterChainProxy.lambda$doFilterInternal$3(FilterChainProxy.java:231)
	at org.springframework.security.web.FilterChainProxy$VirtualFilterChain.doFilter(FilterChainProxy.java:365)
	at org.springframework.security.web.access.intercept.AuthorizationFilter.doFilter(AuthorizationFilter.java:100)
	at org.springframework.security.web.FilterChainProxy$VirtualFilterChain.doFilter(FilterChainProxy.java:374)
	at org.springframework.security.web.access.ExceptionTranslationFilter.doFilter(ExceptionTranslationFilter.java:126)
	at org.springframework.security.web.access.ExceptionTranslationFilter.doFilter(ExceptionTranslationFilter.java:120)
	at org.springframework.security.web.FilterChainProxy$VirtualFilterChain.doFilter(FilterChainProxy.java:374)
	at org.springframework.security.web.authentication.AnonymousAuthenticationFilter.doFilter(AnonymousAuthenticationFilter.java:100)
	at org.springframework.security.web.FilterChainProxy$VirtualFilterChain.doFilter(FilterChainProxy.java:374)
	at org.springframework.security.web.servletapi.SecurityContextHolderAwareRequestFilter.doFilter(SecurityContextHolderAwareRequestFilter.java:179)
	at org.springframework.security.web.FilterChainProxy$VirtualFilterChain.doFilter(FilterChainProxy.java:374)
	at org.springframework.security.web.savedrequest.RequestCacheAwareFilter.doFilter(RequestCacheAwareFilter.java:63)
	at org.springframework.security.web.FilterChainProxy$VirtualFilterChain.doFilter(FilterChainProxy.java:374)
	at org.springframework.security.web.authentication.ui.DefaultLogoutPageGeneratingFilter.doFilterInternal(DefaultLogoutPageGeneratingFilter.java:58)
	at org.springframework.web.filter.OncePerRequestFilter.doFilter(OncePerRequestFilter.java:116)
	at org.springframework.security.web.FilterChainProxy$VirtualFilterChain.doFilter(FilterChainProxy.java:374)
	at org.springframework.security.web.authentication.ui.DefaultLoginPageGeneratingFilter.doFilter(DefaultLoginPageGeneratingFilter.java:189)
	at org.springframework.security.web.authentication.ui.DefaultLoginPageGeneratingFilter.doFilter(DefaultLoginPageGeneratingFilter.java:175)
	at org.springframework.security.web.FilterChainProxy$VirtualFilterChain.doFilter(FilterChainProxy.java:374)
	at org.springframework.security.web.authentication.AbstractAuthenticationProcessingFilter.doFilter(AbstractAuthenticationProcessingFilter.java:227)
	at org.springframework.security.web.authentication.AbstractAuthenticationProcessingFilter.doFilter(AbstractAuthenticationProcessingFilter.java:221)
	at org.springframework.security.web.FilterChainProxy$VirtualFilterChain.doFilter(FilterChainProxy.java:374)
	at org.springframework.security.web.authentication.logout.LogoutFilter.doFilter(LogoutFilter.java:107)
	at org.springframework.security.web.authentication.logout.LogoutFilter.doFilter(LogoutFilter.java:93)
	at org.springframework.security.web.FilterChainProxy$VirtualFilterChain.doFilter(FilterChainProxy.java:374)
	at org.springframework.security.web.csrf.CsrfFilter.doFilterInternal(CsrfFilter.java:117)
	at org.springframework.web.filter.OncePerRequestFilter.doFilter(OncePerRequestFilter.java:116)
	at org.springframework.security.web.FilterChainProxy$VirtualFilterChain.doFilter(FilterChainProxy.java:374)
	at org.springframework.web.filter.CorsFilter.doFilterInternal(CorsFilter.java:91)
	at org.springframework.web.filter.OncePerRequestFilter.doFilter(OncePerRequestFilter.java:116)
	at org.springframework.security.web.FilterChainProxy$VirtualFilterChain.doFilter(FilterChainProxy.java:374)
	at org.springframework.security.web.header.HeaderWriterFilter.doHeadersAfter(HeaderWriterFilter.java:90)
	at org.springframework.security.web.header.HeaderWriterFilter.doFilterInternal(HeaderWriterFilter.java:75)
	at org.springframework.web.filter.OncePerRequestFilter.doFilter(OncePerRequestFilter.java:116)
	at org.springframework.security.web.FilterChainProxy$VirtualFilterChain.doFilter(FilterChainProxy.java:374)
	at org.springframework.security.web.context.SecurityContextHolderFilter.doFilter(SecurityContextHolderFilter.java:82)
	at org.springframework.security.web.context.SecurityContextHolderFilter.doFilter(SecurityContextHolderFilter.java:69)
	at org.springframework.security.web.FilterChainProxy$VirtualFilterChain.doFilter(FilterChainProxy.java:374)
	at org.springframework.security.web.context.request.async.WebAsyncManagerIntegrationFilter.doFilterInternal(WebAsyncManagerIntegrationFilter.java:62)
	at org.springframework.web.filter.OncePerRequestFilter.doFilter(OncePerRequestFilter.java:116)
	at org.springframework.security.web.FilterChainProxy$VirtualFilterChain.doFilter(FilterChainProxy.java:374)
	at org.springframework.security.web.session.DisableEncodeUrlFilter.doFilterInternal(DisableEncodeUrlFilter.java:42)
	at org.springframework.web.filter.OncePerRequestFilter.doFilter(OncePerRequestFilter.java:116)
	at org.springframework.security.web.FilterChainProxy$VirtualFilterChain.doFilter(FilterChainProxy.java:374)
	at org.springframework.security.web.FilterChainProxy.doFilterInternal(FilterChainProxy.java:233)
	at org.springframework.security.web.FilterChainProxy.doFilter(FilterChainProxy.java:191)
	at org.springframework.web.filter.CompositeFilter$VirtualFilterChain.doFilter(CompositeFilter.java:113)
	at org.springframework.web.servlet.handler.HandlerMappingIntrospector.lambda$createCacheFilter$3(HandlerMappingIntrospector.java:195)
	at org.springframework.web.filter.CompositeFilter$VirtualFilterChain.doFilter(CompositeFilter.java:113)
	at org.springframework.web.filter.CompositeFilter.doFilter(CompositeFilter.java:74)
	at org.springframework.security.config.annotation.web.configuration.WebMvcSecurityConfiguration$CompositeFilterChainProxy.doFilter(WebMvcSecurityConfiguration.java:230)
	at org.springframework.web.filter.DelegatingFilterProxy.invokeDelegate(DelegatingFilterProxy.java:352)
	at org.springframework.web.filter.DelegatingFilterProxy.doFilter(DelegatingFilterProxy.java:268)
	at org.apache.catalina.core.ApplicationFilterChain.internalDoFilter(ApplicationFilterChain.java:164)
	at org.apache.catalina.core.ApplicationFilterChain.doFilter(ApplicationFilterChain.java:140)
	at org.springframework.web.filter.RequestContextFilter.doFilterInternal(RequestContextFilter.java:100)
	at org.springframework.web.filter.OncePerRequestFilter.doFilter(OncePerRequestFilter.java:116)
	at org.apache.catalina.core.ApplicationFilterChain.internalDoFilter(ApplicationFilterChain.java:164)
	at org.apache.catalina.core.ApplicationFilterChain.doFilter(ApplicationFilterChain.java:140)
	at org.springframework.web.filter.FormContentFilter.doFilterInternal(FormContentFilter.java:93)
	at org.springframework.web.filter.OncePerRequestFilter.doFilter(OncePerRequestFilter.java:116)
	at org.apache.catalina.core.ApplicationFilterChain.internalDoFilter(ApplicationFilterChain.java:164)
	at org.apache.catalina.core.ApplicationFilterChain.doFilter(ApplicationFilterChain.java:140)
	at org.springframework.web.filter.CharacterEncodingFilter.doFilterInternal(CharacterEncodingFilter.java:201)
	at org.springframework.web.filter.OncePerRequestFilter.doFilter(OncePerRequestFilter.java:116)
	at org.apache.catalina.core.ApplicationFilterChain.internalDoFilter(ApplicationFilterChain.java:164)
	at org.apache.catalina.core.ApplicationFilterChain.doFilter(ApplicationFilterChain.java:140)
	at org.apache.catalina.core.StandardWrapperValve.invoke(StandardWrapperValve.java:167)
	at org.apache.catalina.core.StandardContextValve.invoke(StandardContextValve.java:90)
	at org.apache.catalina.authenticator.AuthenticatorBase.invoke(AuthenticatorBase.java:483)
	at org.apache.catalina.core.StandardHostValve.invoke(StandardHostValve.java:115)
	at org.apache.catalina.valves.ErrorReportValve.invoke(ErrorReportValve.java:93)
	at org.apache.catalina.core.StandardEngineValve.invoke(StandardEngineValve.java:74)
	at org.apache.catalina.connector.CoyoteAdapter.service(CoyoteAdapter.java:344)
	at org.apache.coyote.http11.Http11Processor.service(Http11Processor.java:389)
	at org.apache.coyote.AbstractProcessorLight.process(AbstractProcessorLight.java:63)
	at org.apache.coyote.AbstractProtocol$ConnectionHandler.process(AbstractProtocol.java:904)
	at org.apache.tomcat.util.net.NioEndpoint$SocketProcessor.doRun(NioEndpoint.java:1741)
	at org.apache.tomcat.util.net.SocketProcessorBase.run(SocketProcessorBase.java:52)
	at org.apache.tomcat.util.threads.ThreadPoolExecutor.runWorker(ThreadPoolExecutor.java:1190)
	at org.apache.tomcat.util.threads.ThreadPoolExecutor$Worker.run(ThreadPoolExecutor.java:659)
	at org.apache.tomcat.util.threads.TaskThread$WrappingRunnable.run(TaskThread.java:63)
	at java.base/java.lang.Thread.run(Thread.java:1623)
2024-09-13 16:11:20 [main] INFO  com.example.spring_secure.SpringSecureApplication - Starting SpringSecureApplication using Java 20.0.2 with PID 17440 (C:\Users\Martin\IdeaProjects\demo3\Spring_secure\target\classes started by Martin in C:\Users\Martin\IdeaProjects\demo3\Spring_secure)
2024-09-13 16:11:20 [main] INFO  com.example.spring_secure.SpringSecureApplication - No active profile set, falling back to 1 default profile: "default"
2024-09-13 16:11:21 [main] INFO  com.example.spring_secure.SpringSecureApplication - Started SpringSecureApplication in 1.708 seconds (process running for 2.299)
2024-09-13 16:11:28 [http-nio-8080-exec-1] ERROR com.example.spring_secure.ComponentClass - Error: du delar på 0
2024-09-13 16:11:36 [http-nio-8080-exec-6] INFO  com.example.spring_secure.ComponentClass - Division av 10 / 2 = 5
2024-09-13 16:11:45 [http-nio-8080-exec-7] ERROR com.example.spring_secure.ComponentClass - Error: du delar på 0
2024-09-13 16:12:02 [http-nio-8080-exec-9] ERROR com.example.spring_secure.ComponentClass - Error: du delar på 0
2024-09-13 16:12:12 [http-nio-8080-exec-10] INFO  com.example.spring_secure.ComponentClass - Division av 10 / 2 = 5
2024-09-13 16:13:08 [http-nio-8080-exec-1] ERROR com.example.spring_secure.ComponentClass - Error: du delar på 0
2024-09-13 16:23:02 [main] INFO  com.example.spring_secure.SpringSecureApplication - Starting SpringSecureApplication using Java 20.0.2 with PID 1888 (C:\Users\Martin\IdeaProjects\demo3\Spring_secure\target\classes started by Martin in C:\Users\Martin\IdeaProjects\demo3\Spring_secure)
2024-09-13 16:23:02 [main] INFO  com.example.spring_secure.SpringSecureApplication - No active profile set, falling back to 1 default profile: "default"
2024-09-13 16:23:03 [main] INFO  com.example.spring_secure.SpringSecureApplication - Started SpringSecureApplication in 1.713 seconds (process running for 2.271)
2024-09-13 16:23:09 [http-nio-8080-exec-1] ERROR com.example.spring_secure.ComponentClass - Error: du delar på 0
2024-09-13 16:23:24 [http-nio-8080-exec-10] WARN  com.example.spring_secure.SpringController - något saknas i skapandet: 
2024-09-13 16:23:52 [http-nio-8080-exec-8] WARN  com.example.spring_secure.SpringController - något saknas i skapandet: 
2024-09-13 16:24:02 [http-nio-8080-exec-1] INFO  com.example.spring_secure.SpringController - Ny användare skapad: 
2024-09-13 16:25:25 [main] INFO  com.example.spring_secure.SpringSecureApplication - Starting SpringSecureApplication using Java 20.0.2 with PID 20268 (C:\Users\Martin\IdeaProjects\demo3\Spring_secure\target\classes started by Martin in C:\Users\Martin\IdeaProjects\demo3\Spring_secure)
2024-09-13 16:25:25 [main] INFO  com.example.spring_secure.SpringSecureApplication - No active profile set, falling back to 1 default profile: "default"
2024-09-13 16:25:27 [main] INFO  com.example.spring_secure.SpringSecureApplication - Started SpringSecureApplication in 1.694 seconds (process running for 2.319)
2024-09-13 16:25:45 [http-nio-8080-exec-8] WARN  com.example.spring_secure.SpringController - något saknas i skapandet: [Field error in object 'user' on field 'password': rejected value []; codes [Size.user.password,Size.password,Size.java.lang.String,Size]; arguments [org.springframework.context.support.DefaultMessageSourceResolvable: codes [user.password,password]; arguments []; default message [password],15,8]; default message [size must be between 8 and 15], Field error in object 'user' on field 'password': rejected value []; codes [NotBlank.user.password,NotBlank.password,NotBlank.java.lang.String,NotBlank]; arguments [org.springframework.context.support.DefaultMessageSourceResolvable: codes [user.password,password]; arguments []; default message [password]]; default message [yoo]]
2024-09-13 16:26:11 [http-nio-8080-exec-9] INFO  com.example.spring_secure.SpringController - Ny användare skapad: martin.jernstrom1@gmail.comasdfasdfasdf
2024-09-13 16:26:52 [main] INFO  com.example.spring_secure.SpringSecureApplication - Starting SpringSecureApplication using Java 20.0.2 with PID 21072 (C:\Users\Martin\IdeaProjects\demo3\Spring_secure\target\classes started by Martin in C:\Users\Martin\IdeaProjects\demo3\Spring_secure)
2024-09-13 16:26:52 [main] INFO  com.example.spring_secure.SpringSecureApplication - No active profile set, falling back to 1 default profile: "default"
2024-09-13 16:26:53 [main] INFO  com.example.spring_secure.SpringSecureApplication - Started SpringSecureApplication in 1.69 seconds (process running for 2.27)
2024-09-13 17:14:45 [main] INFO  com.example.spring_secure.SpringSecureApplication - Starting SpringSecureApplication using Java 20.0.2 with PID 22092 (C:\Users\Martin\IdeaProjects\demo3\Spring_secure\target\classes started by Martin in C:\Users\Martin\IdeaProjects\demo3\Spring_secure)
2024-09-13 17:14:45 [main] INFO  com.example.spring_secure.SpringSecureApplication - No active profile set, falling back to 1 default profile: "default"
2024-09-13 17:14:47 [main] INFO  com.example.spring_secure.SpringSecureApplication - Started SpringSecureApplication in 1.936 seconds (process running for 2.699)
2024-09-13 17:15:02 [http-nio-8080-exec-8] INFO  com.example.spring_secure.SpringController - Ny användare skapad: email: martinpartin@partin.com
2024-09-13 17:23:07 [http-nio-8080-exec-3] WARN  com.example.spring_secure.SpringController - något saknas i skapandet: [Field error in object 'user' on field 'email': rejected value [martin.jernstrom@<23>.com]; codes [Email.user.email,Email.email,Email.java.lang.String,Email]; arguments [org.springframework.context.support.DefaultMessageSourceResolvable: codes [user.email,email]; arguments []; default message [email],[Ljakarta.validation.constraints.Pattern$Flag;@3c7d178f,.*]; default message [Enter a valid email address]]
2024-09-14 15:54:51 [main] INFO  com.example.spring_secure.SpringSecureApplication - Starting SpringSecureApplication using Java 20.0.2 with PID 21252 (C:\Users\Martin\IdeaProjects\demo3\Spring_secure\target\classes started by Martin in C:\Users\Martin\IdeaProjects\demo3\Spring_secure)
2024-09-14 15:54:51 [main] INFO  com.example.spring_secure.SpringSecureApplication - No active profile set, falling back to 1 default profile: "default"
2024-09-14 16:00:05 [main] INFO  com.example.spring_secure.SpringSecureApplication - Starting SpringSecureApplication using Java 20.0.2 with PID 16300 (C:\Users\Martin\IdeaProjects\demo3\Spring_secure\target\classes started by Martin in C:\Users\Martin\IdeaProjects\demo3\Spring_secure)
2024-09-14 16:00:05 [main] INFO  com.example.spring_secure.SpringSecureApplication - No active profile set, falling back to 1 default profile: "default"
2024-09-14 16:00:06 [main] INFO  com.example.spring_secure.SpringSecureApplication - Started SpringSecureApplication in 1.951 seconds (process running for 2.612)
2024-09-14 16:00:40 [http-nio-8080-exec-8] INFO  com.example.spring_secure.SpringController - Ny användare skapad: email: *****@gmail.com
2024-09-14 16:07:02 [main] INFO  com.example.spring_secure.SpringSecureApplication - Starting SpringSecureApplication using Java 20.0.2 with PID 4552 (C:\Users\Martin\IdeaProjects\demo3\Spring_secure\target\classes started by Martin in C:\Users\Martin\IdeaProjects\demo3\Spring_secure)
2024-09-14 16:07:02 [main] INFO  com.example.spring_secure.SpringSecureApplication - No active profile set, falling back to 1 default profile: "default"
2024-09-14 16:07:03 [main] INFO  com.example.spring_secure.SpringSecureApplication - Started SpringSecureApplication in 1.615 seconds (process running for 2.157)
2024-09-14 16:07:44 [http-nio-8080-exec-8] INFO  com.example.spring_secure.SpringController - Ny användare skapad: email: m*****1@gmail.com
2024-09-14 16:08:06 [http-nio-8080-exec-10] INFO  com.example.spring_secure.SpringController - Ny användare skapad: email: **@gamil.com
2024-09-14 16:18:30 [main] INFO  com.example.spring_secure.SpringSecureApplication - Starting SpringSecureApplication using Java 20.0.2 with PID 3476 (C:\Users\Martin\IdeaProjects\demo3\Spring_secure\target\classes started by Martin in C:\Users\Martin\IdeaProjects\demo3\Spring_secure)
2024-09-14 16:18:30 [main] INFO  com.example.spring_secure.SpringSecureApplication - No active profile set, falling back to 1 default profile: "default"
2024-09-14 16:18:31 [main] INFO  com.example.spring_secure.SpringSecureApplication - Started SpringSecureApplication in 1.734 seconds (process running for 2.342)
2024-09-14 16:19:11 [http-nio-8080-exec-7] INFO  com.example.spring_secure.SpringController - Ny användare skapad: email: h*****o@hello.com
2024-09-14 16:20:12 [main] INFO  com.example.spring_secure.SpringSecureApplication - Starting SpringSecureApplication using Java 20.0.2 with PID 18808 (C:\Users\Martin\IdeaProjects\demo3\Spring_secure\target\classes started by Martin in C:\Users\Martin\IdeaProjects\demo3\Spring_secure)
2024-09-14 16:20:12 [main] INFO  com.example.spring_secure.SpringSecureApplication - No active profile set, falling back to 1 default profile: "default"
2024-09-14 16:20:13 [main] INFO  com.example.spring_secure.SpringSecureApplication - Started SpringSecureApplication in 2.013 seconds (process running for 2.602)
2024-09-14 16:20:33 [http-nio-8080-exec-6] INFO  com.example.spring_secure.SpringController - Ny användare skapad: email: m*****m@gmail.com
2024-09-14 16:20:50 [http-nio-8080-exec-1] INFO  com.example.spring_secure.SpringController - Ny användare skapad: email: y*****o@gmail.com
2024-09-14 16:25:10 [main] INFO  com.example.spring_secure.SpringSecureApplication - Starting SpringSecureApplication using Java 20.0.2 with PID 23864 (C:\Users\Martin\IdeaProjects\demo3\Spring_secure\target\classes started by Martin in C:\Users\Martin\IdeaProjects\demo3\Spring_secure)
2024-09-14 16:25:10 [main] INFO  com.example.spring_secure.SpringSecureApplication - No active profile set, falling back to 1 default profile: "default"
2024-09-14 16:25:12 [main] INFO  com.example.spring_secure.SpringSecureApplication - Started SpringSecureApplication in 1.78 seconds (process running for 2.377)
2024-09-14 16:41:30 [main] INFO  com.example.spring_secure.SpringSecureApplication - Starting SpringSecureApplication using Java 20.0.2 with PID 13140 (C:\Users\Martin\IdeaProjects\demo3\Spring_secure\target\classes started by Martin in C:\Users\Martin\IdeaProjects\demo3\Spring_secure)
2024-09-14 16:41:30 [main] INFO  com.example.spring_secure.SpringSecureApplication - No active profile set, falling back to 1 default profile: "default"
2024-09-14 16:41:32 [main] INFO  com.example.spring_secure.SpringSecureApplication - Started SpringSecureApplication in 1.793 seconds (process running for 2.457)
2024-09-14 16:42:05 [http-nio-8080-exec-1] INFO  com.example.spring_secure.SpringController - Ny användare skapad: email: a*****f@asdf.com
2024-09-14 16:44:01 [main] INFO  com.example.spring_secure.SpringSecureApplication - Starting SpringSecureApplication using Java 20.0.2 with PID 25588 (C:\Users\Martin\IdeaProjects\demo3\Spring_secure\target\classes started by Martin in C:\Users\Martin\IdeaProjects\demo3\Spring_secure)
2024-09-14 16:44:01 [main] INFO  com.example.spring_secure.SpringSecureApplication - No active profile set, falling back to 1 default profile: "default"
2024-09-14 16:44:03 [main] INFO  com.example.spring_secure.SpringSecureApplication - Started SpringSecureApplication in 1.801 seconds (process running for 2.414)
2024-09-14 16:44:24 [http-nio-8080-exec-8] INFO  com.example.spring_secure.SpringController - Ny användare skapad: email: a*****a@gmail.com
2024-09-14 16:45:58 [main] INFO  com.example.spring_secure.SpringSecureApplication - Starting SpringSecureApplication using Java 20.0.2 with PID 22152 (C:\Users\Martin\IdeaProjects\demo3\Spring_secure\target\classes started by Martin in C:\Users\Martin\IdeaProjects\demo3\Spring_secure)
2024-09-14 16:45:58 [main] INFO  com.example.spring_secure.SpringSecureApplication - No active profile set, falling back to 1 default profile: "default"
2024-09-14 16:45:59 [main] INFO  com.example.spring_secure.SpringSecureApplication - Started SpringSecureApplication in 1.706 seconds (process running for 2.259)
2024-09-14 16:46:24 [http-nio-8080-exec-8] INFO  com.example.spring_secure.SpringController - Ny användare skapad: email: a*****f@gmail.com
2024-09-14 16:46:52 [http-nio-8080-exec-5] INFO  com.example.spring_secure.SpringController - Ny användare skapad: email: h*****j@gmail.com
2024-09-14 16:51:37 [main] INFO  com.example.spring_secure.SpringSecureApplication - Starting SpringSecureApplication using Java 20.0.2 with PID 6776 (C:\Users\Martin\IdeaProjects\demo3\Spring_secure\target\classes started by Martin in C:\Users\Martin\IdeaProjects\demo3\Spring_secure)
2024-09-14 16:51:37 [main] INFO  com.example.spring_secure.SpringSecureApplication - No active profile set, falling back to 1 default profile: "default"
2024-09-14 16:51:39 [main] INFO  com.example.spring_secure.SpringSecureApplication - Started SpringSecureApplication in 1.637 seconds (process running for 2.179)
2024-09-14 16:52:01 [http-nio-8080-exec-8] INFO  com.example.spring_secure.SpringController - Ny användare skapad: email: M*****1@gmail.com
2024-09-14 16:53:07 [main] INFO  com.example.spring_secure.SpringSecureApplication - Starting SpringSecureApplication using Java 20.0.2 with PID 16224 (C:\Users\Martin\IdeaProjects\demo3\Spring_secure\target\classes started by Martin in C:\Users\Martin\IdeaProjects\demo3\Spring_secure)
2024-09-14 16:53:07 [main] INFO  com.example.spring_secure.SpringSecureApplication - No active profile set, falling back to 1 default profile: "default"
2024-09-14 16:53:09 [main] INFO  com.example.spring_secure.SpringSecureApplication - Started SpringSecureApplication in 1.614 seconds (process running for 2.149)
2024-09-14 16:53:26 [http-nio-8080-exec-6] WARN  com.example.spring_secure.SpringController - Inga användare har blivit registrerade
2024-09-14 16:56:43 [main] INFO  com.example.spring_secure.SpringSecureApplication - Starting SpringSecureApplication using Java 20.0.2 with PID 13376 (C:\Users\Martin\IdeaProjects\demo3\Spring_secure\target\classes started by Martin in C:\Users\Martin\IdeaProjects\demo3\Spring_secure)
2024-09-14 16:56:43 [main] DEBUG com.example.spring_secure.SpringSecureApplication - Running with Spring Boot v3.3.2, Spring v6.1.11
2024-09-14 16:56:43 [main] INFO  com.example.spring_secure.SpringSecureApplication - No active profile set, falling back to 1 default profile: "default"
2024-09-14 16:56:44 [main] INFO  com.example.spring_secure.SpringSecureApplication - Started SpringSecureApplication in 1.75 seconds (process running for 2.306)
2024-09-14 16:57:01 [http-nio-8080-exec-9] DEBUG com.example.spring_secure.SpringController - lista över registrerade användare
2024-09-14 16:57:01 [http-nio-8080-exec-9] WARN  com.example.spring_secure.SpringController - Inga användare har blivit registrerade
2024-09-14 16:59:27 [main] INFO  com.example.spring_secure.SpringSecureApplication - Starting SpringSecureApplication using Java 20.0.2 with PID 23156 (C:\Users\Martin\IdeaProjects\demo3\Spring_secure\target\classes started by Martin in C:\Users\Martin\IdeaProjects\demo3\Spring_secure)
2024-09-14 16:59:27 [main] INFO  com.example.spring_secure.SpringSecureApplication - No active profile set, falling back to 1 default profile: "default"
2024-09-14 16:59:28 [main] INFO  com.example.spring_secure.SpringSecureApplication - Started SpringSecureApplication in 1.658 seconds (process running for 2.197)
2024-09-14 16:59:55 [main] INFO  com.example.spring_secure.SpringSecureApplication - Starting SpringSecureApplication using Java 20.0.2 with PID 24988 (C:\Users\Martin\IdeaProjects\demo3\Spring_secure\target\classes started by Martin in C:\Users\Martin\IdeaProjects\demo3\Spring_secure)
2024-09-14 16:59:55 [main] INFO  com.example.spring_secure.SpringSecureApplication - No active profile set, falling back to 1 default profile: "default"
2024-09-14 16:59:57 [main] INFO  com.example.spring_secure.SpringSecureApplication - Started SpringSecureApplication in 1.685 seconds (process running for 2.228)
2024-09-14 17:00:22 [http-nio-8080-exec-5] WARN  com.example.spring_secure.SpringController - Inga användare har blivit registrerade
2024-09-14 17:02:33 [main] INFO  com.example.spring_secure.SpringSecureApplication - Starting SpringSecureApplication using Java 20.0.2 with PID 18536 (C:\Users\Martin\IdeaProjects\demo3\Spring_secure\target\classes started by Martin in C:\Users\Martin\IdeaProjects\demo3\Spring_secure)
2024-09-14 17:02:33 [main] DEBUG com.example.spring_secure.SpringSecureApplication - Running with Spring Boot v3.3.2, Spring v6.1.11
2024-09-14 17:02:33 [main] INFO  com.example.spring_secure.SpringSecureApplication - No active profile set, falling back to 1 default profile: "default"
2024-09-14 17:02:34 [main] INFO  com.example.spring_secure.SpringSecureApplication - Started SpringSecureApplication in 1.648 seconds (process running for 2.232)
2024-09-14 17:02:46 [http-nio-8080-exec-6] DEBUG com.example.spring_secure.SpringController - lista över registrerade användare
2024-09-14 17:02:46 [http-nio-8080-exec-6] WARN  com.example.spring_secure.SpringController - Inga användare har blivit registrerade
2024-09-14 17:19:34 [main] INFO  com.example.spring_secure.SpringSecureApplication - Starting SpringSecureApplication using Java 20.0.2 with PID 6192 (C:\Users\Martin\IdeaProjects\demo3\Spring_secure\target\classes started by Martin in C:\Users\Martin\IdeaProjects\demo3\Spring_secure)
2024-09-14 17:19:34 [main] DEBUG com.example.spring_secure.SpringSecureApplication - Running with Spring Boot v3.3.2, Spring v6.1.11
2024-09-14 17:19:34 [main] INFO  com.example.spring_secure.SpringSecureApplication - No active profile set, falling back to 1 default profile: "default"
2024-09-14 17:19:35 [main] INFO  com.example.spring_secure.SpringSecureApplication - Started SpringSecureApplication in 1.655 seconds (process running for 2.213)
2024-09-14 17:19:52 [http-nio-8080-exec-5] DEBUG com.example.spring_secure.SpringController - huvudmeny på endpoint / 
2024-09-14 17:19:57 [http-nio-8080-exec-7] DEBUG com.example.spring_secure.SpringController - registrering av användare på endpoint /register
2024-09-14 17:20:51 [http-nio-8080-exec-9] INFO  com.example.spring_secure.SpringController - Ny användare skapad: email: M*****1@gmail.com
2024-09-14 17:20:51 [http-nio-8080-exec-9] DEBUG com.example.spring_secure.SpringController - avnändare registrerad M*****1@gmail.com
2024-09-14 17:21:01 [http-nio-8080-exec-10] DEBUG com.example.spring_secure.SpringController - huvudmeny på endpoint / 
2024-09-14 17:21:12 [http-nio-8080-exec-1] DEBUG com.example.spring_secure.SpringController - lista över registrerade användare på endpoint /registeredUsers
2024-09-14 17:21:15 [http-nio-8080-exec-3] DEBUG com.example.spring_secure.SpringController - huvudmeny på endpoint / 
2024-09-14 17:22:24 [http-nio-8080-exec-7] DEBUG com.example.spring_secure.SpringController - huvudmeny på endpoint / 
2024-09-14 17:22:35 [http-nio-8080-exec-9] DEBUG com.example.spring_secure.SpringController - huvudmeny på endpoint / 
2024-09-14 17:23:00 [main] INFO  com.example.spring_secure.SpringSecureApplication - Starting SpringSecureApplication using Java 20.0.2 with PID 4276 (C:\Users\Martin\IdeaProjects\demo3\Spring_secure\target\classes started by Martin in C:\Users\Martin\IdeaProjects\demo3\Spring_secure)
2024-09-14 17:23:00 [main] DEBUG com.example.spring_secure.SpringSecureApplication - Running with Spring Boot v3.3.2, Spring v6.1.11
2024-09-14 17:23:00 [main] INFO  com.example.spring_secure.SpringSecureApplication - No active profile set, falling back to 1 default profile: "default"
2024-09-14 17:23:01 [main] INFO  com.example.spring_secure.SpringSecureApplication - Started SpringSecureApplication in 1.738 seconds (process running for 2.336)
2024-09-14 17:23:08 [http-nio-8080-exec-8] DEBUG com.example.spring_secure.SpringController - huvudmeny på endpoint / 
2024-09-14 17:23:26 [main] INFO  com.example.spring_secure.SpringSecureApplication - Starting SpringSecureApplication using Java 20.0.2 with PID 19088 (C:\Users\Martin\IdeaProjects\demo3\Spring_secure\target\classes started by Martin in C:\Users\Martin\IdeaProjects\demo3\Spring_secure)
2024-09-14 17:23:26 [main] DEBUG com.example.spring_secure.SpringSecureApplication - Running with Spring Boot v3.3.2, Spring v6.1.11
2024-09-14 17:23:26 [main] INFO  com.example.spring_secure.SpringSecureApplication - No active profile set, falling back to 1 default profile: "default"
2024-09-14 17:23:28 [main] INFO  com.example.spring_secure.SpringSecureApplication - Started SpringSecureApplication in 1.631 seconds (process running for 2.227)
2024-09-14 17:23:35 [http-nio-8080-exec-6] DEBUG com.example.spring_secure.SpringController - huvudmeny på endpoint / 
2024-09-14 17:23:37 [http-nio-8080-exec-7] DEBUG com.example.spring_secure.SpringController - lista över registrerade användare på endpoint /registeredUsers
2024-09-14 17:23:37 [http-nio-8080-exec-7] WARN  com.example.spring_secure.SpringController - Inga användare har blivit registrerade
2024-09-14 17:23:37 [http-nio-8080-exec-7] DEBUG com.example.spring_secure.SpringController - listan med användare verkar vara tom
2024-09-14 17:24:13 [http-nio-8080-exec-8] DEBUG com.example.spring_secure.SpringController - huvudmeny på endpoint / 
2024-09-14 17:24:19 [http-nio-8080-exec-10] DEBUG com.example.spring_secure.SpringController - registrering av användare på endpoint /register
2024-09-14 17:24:35 [http-nio-8080-exec-1] WARN  com.example.spring_secure.SpringController - något saknas i skapandet: [Field error in object 'user' on field 'password': rejected value [hej]; codes [Size.user.password,Size.password,Size.java.lang.String,Size]; arguments [org.springframework.context.support.DefaultMessageSourceResolvable: codes [user.password,password]; arguments []; default message [password],15,8]; default message [size must be between 8 and 15], Field error in object 'user' on field 'email': rejected value [martin]; codes [Email.user.email,Email.email,Email.java.lang.String,Email]; arguments [org.springframework.context.support.DefaultMessageSourceResolvable: codes [user.email,email]; arguments []; default message [email],[Ljakarta.validation.constraints.Pattern$Flag;@4a118799,.*]; default message [Enter a valid email address]]
2024-09-14 17:24:35 [http-nio-8080-exec-1] DEBUG com.example.spring_secure.SpringController - något gick fel under registering
2024-09-14 17:27:52 [main] INFO  com.example.spring_secure.SpringSecureApplication - Starting SpringSecureApplication using Java 20.0.2 with PID 6260 (C:\Users\Martin\IdeaProjects\demo3\Spring_secure\target\classes started by Martin in C:\Users\Martin\IdeaProjects\demo3\Spring_secure)
2024-09-14 17:27:52 [main] DEBUG com.example.spring_secure.SpringSecureApplication - Running with Spring Boot v3.3.2, Spring v6.1.11
2024-09-14 17:27:52 [main] INFO  com.example.spring_secure.SpringSecureApplication - No active profile set, falling back to 1 default profile: "default"
2024-09-14 17:27:53 [main] INFO  com.example.spring_secure.SpringSecureApplication - Started SpringSecureApplication in 1.69 seconds (process running for 2.241)
2024-09-14 17:28:00 [http-nio-8080-exec-5] DEBUG com.example.spring_secure.SpringController - huvudmeny på endpoint / 
2024-09-14 17:28:03 [http-nio-8080-exec-7] DEBUG com.example.spring_secure.SpringController - registrering av användare på endpoint /register
2024-09-14 17:28:10 [http-nio-8080-exec-8] WARN  com.example.spring_secure.SpringController - något saknas i skapandet: [Field error in object 'user' on field 'email': rejected value [asdf]; codes [Email.user.email,Email.email,Email.java.lang.String,Email]; arguments [org.springframework.context.support.DefaultMessageSourceResolvable: codes [user.email,email]; arguments []; default message [email],[Ljakarta.validation.constraints.Pattern$Flag;@1d55737a,.*]; default message [Enter a valid email address], Field error in object 'user' on field 'password': rejected value [asdf]; codes [Size.user.password,Size.password,Size.java.lang.String,Size]; arguments [org.springframework.context.support.DefaultMessageSourceResolvable: codes [user.password,password]; arguments []; default message [password],15,8]; default message [size must be between 8 and 15]]
2024-09-14 17:28:10 [http-nio-8080-exec-8] DEBUG com.example.spring_secure.SpringController - något gick fel under registering
2024-09-14 17:28:52 [http-nio-8080-exec-9] WARN  com.example.spring_secure.SpringController - något saknas i skapandet: [Field error in object 'user' on field 'email': rejected value [asdf]; codes [Email.user.email,Email.email,Email.java.lang.String,Email]; arguments [org.springframework.context.support.DefaultMessageSourceResolvable: codes [user.email,email]; arguments []; default message [email],[Ljakarta.validation.constraints.Pattern$Flag;@1d55737a,.*]; default message [Enter a valid email address], Field error in object 'user' on field 'password': rejected value []; codes [Size.user.password,Size.password,Size.java.lang.String,Size]; arguments [org.springframework.context.support.DefaultMessageSourceResolvable: codes [user.password,password]; arguments []; default message [password],15,8]; default message [size must be between 8 and 15], Field error in object 'user' on field 'password': rejected value []; codes [NotBlank.user.password,NotBlank.password,NotBlank.java.lang.String,NotBlank]; arguments [org.springframework.context.support.DefaultMessageSourceResolvable: codes [user.password,password]; arguments []; default message [password]]; default message [yoo]]
2024-09-14 17:28:52 [http-nio-8080-exec-9] DEBUG com.example.spring_secure.SpringController - något gick fel under registering
2024-09-14 17:29:00 [http-nio-8080-exec-1] WARN  com.example.spring_secure.SpringController - något saknas i skapandet: [Field error in object 'user' on field 'email': rejected value [asdf]; codes [Email.user.email,Email.email,Email.java.lang.String,Email]; arguments [org.springframework.context.support.DefaultMessageSourceResolvable: codes [user.email,email]; arguments []; default message [email],[Ljakarta.validation.constraints.Pattern$Flag;@1d55737a,.*]; default message [Enter a valid email address], Field error in object 'user' on field 'password': rejected value []; codes [Size.user.password,Size.password,Size.java.lang.String,Size]; arguments [org.springframework.context.support.DefaultMessageSourceResolvable: codes [user.password,password]; arguments []; default message [password],15,8]; default message [size must be between 8 and 15], Field error in object 'user' on field 'password': rejected value []; codes [NotBlank.user.password,NotBlank.password,NotBlank.java.lang.String,NotBlank]; arguments [org.springframework.context.support.DefaultMessageSourceResolvable: codes [user.password,password]; arguments []; default message [password]]; default message [yoo]]
2024-09-14 17:29:00 [http-nio-8080-exec-1] DEBUG com.example.spring_secure.SpringController - något gick fel under registering
2024-09-14 17:29:02 [http-nio-8080-exec-3] WARN  com.example.spring_secure.SpringController - något saknas i skapandet: [Field error in object 'user' on field 'password': rejected value []; codes [Size.user.password,Size.password,Size.java.lang.String,Size]; arguments [org.springframework.context.support.DefaultMessageSourceResolvable: codes [user.password,password]; arguments []; default message [password],15,8]; default message [size must be between 8 and 15], Field error in object 'user' on field 'email': rejected value [asdf]; codes [Email.user.email,Email.email,Email.java.lang.String,Email]; arguments [org.springframework.context.support.DefaultMessageSourceResolvable: codes [user.email,email]; arguments []; default message [email],[Ljakarta.validation.constraints.Pattern$Flag;@1d55737a,.*]; default message [Enter a valid email address], Field error in object 'user' on field 'password': rejected value []; codes [NotBlank.user.password,NotBlank.password,NotBlank.java.lang.String,NotBlank]; arguments [org.springframework.context.support.DefaultMessageSourceResolvable: codes [user.password,password]; arguments []; default message [password]]; default message [yoo]]
2024-09-14 17:29:02 [http-nio-8080-exec-3] DEBUG com.example.spring_secure.SpringController - något gick fel under registering
2024-09-14 17:29:02 [http-nio-8080-exec-4] WARN  com.example.spring_secure.SpringController - något saknas i skapandet: [Field error in object 'user' on field 'password': rejected value []; codes [NotBlank.user.password,NotBlank.password,NotBlank.java.lang.String,NotBlank]; arguments [org.springframework.context.support.DefaultMessageSourceResolvable: codes [user.password,password]; arguments []; default message [password]]; default message [yoo], Field error in object 'user' on field 'email': rejected value [asdf]; codes [Email.user.email,Email.email,Email.java.lang.String,Email]; arguments [org.springframework.context.support.DefaultMessageSourceResolvable: codes [user.email,email]; arguments []; default message [email],[Ljakarta.validation.constraints.Pattern$Flag;@1d55737a,.*]; default message [Enter a valid email address], Field error in object 'user' on field 'password': rejected value []; codes [Size.user.password,Size.password,Size.java.lang.String,Size]; arguments [org.springframework.context.support.DefaultMessageSourceResolvable: codes [user.password,password]; arguments []; default message [password],15,8]; default message [size must be between 8 and 15]]
2024-09-14 17:29:02 [http-nio-8080-exec-4] DEBUG com.example.spring_secure.SpringController - något gick fel under registering
2024-09-14 17:29:03 [http-nio-8080-exec-5] WARN  com.example.spring_secure.SpringController - något saknas i skapandet: [Field error in object 'user' on field 'password': rejected value []; codes [Size.user.password,Size.password,Size.java.lang.String,Size]; arguments [org.springframework.context.support.DefaultMessageSourceResolvable: codes [user.password,password]; arguments []; default message [password],15,8]; default message [size must be between 8 and 15], Field error in object 'user' on field 'email': rejected value [asdf]; codes [Email.user.email,Email.email,Email.java.lang.String,Email]; arguments [org.springframework.context.support.DefaultMessageSourceResolvable: codes [user.email,email]; arguments []; default message [email],[Ljakarta.validation.constraints.Pattern$Flag;@1d55737a,.*]; default message [Enter a valid email address], Field error in object 'user' on field 'password': rejected value []; codes [NotBlank.user.password,NotBlank.password,NotBlank.java.lang.String,NotBlank]; arguments [org.springframework.context.support.DefaultMessageSourceResolvable: codes [user.password,password]; arguments []; default message [password]]; default message [yoo]]
2024-09-14 17:29:03 [http-nio-8080-exec-5] DEBUG com.example.spring_secure.SpringController - något gick fel under registering
2024-09-14 17:29:03 [http-nio-8080-exec-6] WARN  com.example.spring_secure.SpringController - något saknas i skapandet: [Field error in object 'user' on field 'email': rejected value [asdf]; codes [Email.user.email,Email.email,Email.java.lang.String,Email]; arguments [org.springframework.context.support.DefaultMessageSourceResolvable: codes [user.email,email]; arguments []; default message [email],[Ljakarta.validation.constraints.Pattern$Flag;@1d55737a,.*]; default message [Enter a valid email address], Field error in object 'user' on field 'password': rejected value []; codes [NotBlank.user.password,NotBlank.password,NotBlank.java.lang.String,NotBlank]; arguments [org.springframework.context.support.DefaultMessageSourceResolvable: codes [user.password,password]; arguments []; default message [password]]; default message [yoo], Field error in object 'user' on field 'password': rejected value []; codes [Size.user.password,Size.password,Size.java.lang.String,Size]; arguments [org.springframework.context.support.DefaultMessageSourceResolvable: codes [user.password,password]; arguments []; default message [password],15,8]; default message [size must be between 8 and 15]]
2024-09-14 17:29:03 [http-nio-8080-exec-6] DEBUG com.example.spring_secure.SpringController - något gick fel under registering
2024-09-14 17:29:03 [http-nio-8080-exec-7] WARN  com.example.spring_secure.SpringController - något saknas i skapandet: [Field error in object 'user' on field 'password': rejected value []; codes [Size.user.password,Size.password,Size.java.lang.String,Size]; arguments [org.springframework.context.support.DefaultMessageSourceResolvable: codes [user.password,password]; arguments []; default message [password],15,8]; default message [size must be between 8 and 15], Field error in object 'user' on field 'password': rejected value []; codes [NotBlank.user.password,NotBlank.password,NotBlank.java.lang.String,NotBlank]; arguments [org.springframework.context.support.DefaultMessageSourceResolvable: codes [user.password,password]; arguments []; default message [password]]; default message [yoo], Field error in object 'user' on field 'email': rejected value [asdf]; codes [Email.user.email,Email.email,Email.java.lang.String,Email]; arguments [org.springframework.context.support.DefaultMessageSourceResolvable: codes [user.email,email]; arguments []; default message [email],[Ljakarta.validation.constraints.Pattern$Flag;@1d55737a,.*]; default message [Enter a valid email address]]
2024-09-14 17:29:03 [http-nio-8080-exec-7] DEBUG com.example.spring_secure.SpringController - något gick fel under registering
2024-09-14 17:29:04 [http-nio-8080-exec-8] WARN  com.example.spring_secure.SpringController - något saknas i skapandet: [Field error in object 'user' on field 'email': rejected value [asdf]; codes [Email.user.email,Email.email,Email.java.lang.String,Email]; arguments [org.springframework.context.support.DefaultMessageSourceResolvable: codes [user.email,email]; arguments []; default message [email],[Ljakarta.validation.constraints.Pattern$Flag;@1d55737a,.*]; default message [Enter a valid email address], Field error in object 'user' on field 'password': rejected value []; codes [Size.user.password,Size.password,Size.java.lang.String,Size]; arguments [org.springframework.context.support.DefaultMessageSourceResolvable: codes [user.password,password]; arguments []; default message [password],15,8]; default message [size must be between 8 and 15], Field error in object 'user' on field 'password': rejected value []; codes [NotBlank.user.password,NotBlank.password,NotBlank.java.lang.String,NotBlank]; arguments [org.springframework.context.support.DefaultMessageSourceResolvable: codes [user.password,password]; arguments []; default message [password]]; default message [yoo]]
2024-09-14 17:29:04 [http-nio-8080-exec-8] DEBUG com.example.spring_secure.SpringController - något gick fel under registering
2024-09-14 17:29:04 [http-nio-8080-exec-9] WARN  com.example.spring_secure.SpringController - något saknas i skapandet: [Field error in object 'user' on field 'email': rejected value [asdf]; codes [Email.user.email,Email.email,Email.java.lang.String,Email]; arguments [org.springframework.context.support.DefaultMessageSourceResolvable: codes [user.email,email]; arguments []; default message [email],[Ljakarta.validation.constraints.Pattern$Flag;@1d55737a,.*]; default message [Enter a valid email address], Field error in object 'user' on field 'password': rejected value []; codes [Size.user.password,Size.password,Size.java.lang.String,Size]; arguments [org.springframework.context.support.DefaultMessageSourceResolvable: codes [user.password,password]; arguments []; default message [password],15,8]; default message [size must be between 8 and 15], Field error in object 'user' on field 'password': rejected value []; codes [NotBlank.user.password,NotBlank.password,NotBlank.java.lang.String,NotBlank]; arguments [org.springframework.context.support.DefaultMessageSourceResolvable: codes [user.password,password]; arguments []; default message [password]]; default message [yoo]]
2024-09-14 17:29:04 [http-nio-8080-exec-9] DEBUG com.example.spring_secure.SpringController - något gick fel under registering
2024-09-14 17:29:04 [http-nio-8080-exec-10] WARN  com.example.spring_secure.SpringController - något saknas i skapandet: [Field error in object 'user' on field 'password': rejected value []; codes [Size.user.password,Size.password,Size.java.lang.String,Size]; arguments [org.springframework.context.support.DefaultMessageSourceResolvable: codes [user.password,password]; arguments []; default message [password],15,8]; default message [size must be between 8 and 15], Field error in object 'user' on field 'email': rejected value [asdf]; codes [Email.user.email,Email.email,Email.java.lang.String,Email]; arguments [org.springframework.context.support.DefaultMessageSourceResolvable: codes [user.email,email]; arguments []; default message [email],[Ljakarta.validation.constraints.Pattern$Flag;@1d55737a,.*]; default message [Enter a valid email address], Field error in object 'user' on field 'password': rejected value []; codes [NotBlank.user.password,NotBlank.password,NotBlank.java.lang.String,NotBlank]; arguments [org.springframework.context.support.DefaultMessageSourceResolvable: codes [user.password,password]; arguments []; default message [password]]; default message [yoo]]
2024-09-14 17:29:04 [http-nio-8080-exec-10] DEBUG com.example.spring_secure.SpringController - något gick fel under registering
2024-09-14 17:29:05 [http-nio-8080-exec-1] WARN  com.example.spring_secure.SpringController - något saknas i skapandet: [Field error in object 'user' on field 'email': rejected value [asdf]; codes [Email.user.email,Email.email,Email.java.lang.String,Email]; arguments [org.springframework.context.support.DefaultMessageSourceResolvable: codes [user.email,email]; arguments []; default message [email],[Ljakarta.validation.constraints.Pattern$Flag;@1d55737a,.*]; default message [Enter a valid email address], Field error in object 'user' on field 'password': rejected value []; codes [Size.user.password,Size.password,Size.java.lang.String,Size]; arguments [org.springframework.context.support.DefaultMessageSourceResolvable: codes [user.password,password]; arguments []; default message [password],15,8]; default message [size must be between 8 and 15], Field error in object 'user' on field 'password': rejected value []; codes [NotBlank.user.password,NotBlank.password,NotBlank.java.lang.String,NotBlank]; arguments [org.springframework.context.support.DefaultMessageSourceResolvable: codes [user.password,password]; arguments []; default message [password]]; default message [yoo]]
2024-09-14 17:29:05 [http-nio-8080-exec-1] DEBUG com.example.spring_secure.SpringController - något gick fel under registering
2024-09-14 17:29:05 [http-nio-8080-exec-2] WARN  com.example.spring_secure.SpringController - något saknas i skapandet: [Field error in object 'user' on field 'password': rejected value []; codes [Size.user.password,Size.password,Size.java.lang.String,Size]; arguments [org.springframework.context.support.DefaultMessageSourceResolvable: codes [user.password,password]; arguments []; default message [password],15,8]; default message [size must be between 8 and 15], Field error in object 'user' on field 'email': rejected value [asdf]; codes [Email.user.email,Email.email,Email.java.lang.String,Email]; arguments [org.springframework.context.support.DefaultMessageSourceResolvable: codes [user.email,email]; arguments []; default message [email],[Ljakarta.validation.constraints.Pattern$Flag;@1d55737a,.*]; default message [Enter a valid email address], Field error in object 'user' on field 'password': rejected value []; codes [NotBlank.user.password,NotBlank.password,NotBlank.java.lang.String,NotBlank]; arguments [org.springframework.context.support.DefaultMessageSourceResolvable: codes [user.password,password]; arguments []; default message [password]]; default message [yoo]]
2024-09-14 17:29:05 [http-nio-8080-exec-2] DEBUG com.example.spring_secure.SpringController - något gick fel under registering
2024-09-14 17:29:06 [http-nio-8080-exec-4] WARN  com.example.spring_secure.SpringController - något saknas i skapandet: [Field error in object 'user' on field 'password': rejected value []; codes [Size.user.password,Size.password,Size.java.lang.String,Size]; arguments [org.springframework.context.support.DefaultMessageSourceResolvable: codes [user.password,password]; arguments []; default message [password],15,8]; default message [size must be between 8 and 15], Field error in object 'user' on field 'email': rejected value [asdf]; codes [Email.user.email,Email.email,Email.java.lang.String,Email]; arguments [org.springframework.context.support.DefaultMessageSourceResolvable: codes [user.email,email]; arguments []; default message [email],[Ljakarta.validation.constraints.Pattern$Flag;@1d55737a,.*]; default message [Enter a valid email address], Field error in object 'user' on field 'password': rejected value []; codes [NotBlank.user.password,NotBlank.password,NotBlank.java.lang.String,NotBlank]; arguments [org.springframework.context.support.DefaultMessageSourceResolvable: codes [user.password,password]; arguments []; default message [password]]; default message [yoo]]
2024-09-14 17:29:06 [http-nio-8080-exec-4] DEBUG com.example.spring_secure.SpringController - något gick fel under registering
2024-09-14 17:29:06 [http-nio-8080-exec-5] WARN  com.example.spring_secure.SpringController - något saknas i skapandet: [Field error in object 'user' on field 'email': rejected value [asdf]; codes [Email.user.email,Email.email,Email.java.lang.String,Email]; arguments [org.springframework.context.support.DefaultMessageSourceResolvable: codes [user.email,email]; arguments []; default message [email],[Ljakarta.validation.constraints.Pattern$Flag;@1d55737a,.*]; default message [Enter a valid email address], Field error in object 'user' on field 'password': rejected value []; codes [Size.user.password,Size.password,Size.java.lang.String,Size]; arguments [org.springframework.context.support.DefaultMessageSourceResolvable: codes [user.password,password]; arguments []; default message [password],15,8]; default message [size must be between 8 and 15], Field error in object 'user' on field 'password': rejected value []; codes [NotBlank.user.password,NotBlank.password,NotBlank.java.lang.String,NotBlank]; arguments [org.springframework.context.support.DefaultMessageSourceResolvable: codes [user.password,password]; arguments []; default message [password]]; default message [yoo]]
2024-09-14 17:29:06 [http-nio-8080-exec-5] DEBUG com.example.spring_secure.SpringController - något gick fel under registering
2024-09-14 17:29:06 [http-nio-8080-exec-6] WARN  com.example.spring_secure.SpringController - något saknas i skapandet: [Field error in object 'user' on field 'password': rejected value []; codes [Size.user.password,Size.password,Size.java.lang.String,Size]; arguments [org.springframework.context.support.DefaultMessageSourceResolvable: codes [user.password,password]; arguments []; default message [password],15,8]; default message [size must be between 8 and 15], Field error in object 'user' on field 'email': rejected value [asdf]; codes [Email.user.email,Email.email,Email.java.lang.String,Email]; arguments [org.springframework.context.support.DefaultMessageSourceResolvable: codes [user.email,email]; arguments []; default message [email],[Ljakarta.validation.constraints.Pattern$Flag;@1d55737a,.*]; default message [Enter a valid email address], Field error in object 'user' on field 'password': rejected value []; codes [NotBlank.user.password,NotBlank.password,NotBlank.java.lang.String,NotBlank]; arguments [org.springframework.context.support.DefaultMessageSourceResolvable: codes [user.password,password]; arguments []; default message [password]]; default message [yoo]]
2024-09-14 17:29:06 [http-nio-8080-exec-6] DEBUG com.example.spring_secure.SpringController - något gick fel under registering
2024-09-14 17:29:07 [http-nio-8080-exec-7] WARN  com.example.spring_secure.SpringController - något saknas i skapandet: [Field error in object 'user' on field 'email': rejected value [asdf]; codes [Email.user.email,Email.email,Email.java.lang.String,Email]; arguments [org.springframework.context.support.DefaultMessageSourceResolvable: codes [user.email,email]; arguments []; default message [email],[Ljakarta.validation.constraints.Pattern$Flag;@1d55737a,.*]; default message [Enter a valid email address], Field error in object 'user' on field 'password': rejected value []; codes [NotBlank.user.password,NotBlank.password,NotBlank.java.lang.String,NotBlank]; arguments [org.springframework.context.support.DefaultMessageSourceResolvable: codes [user.password,password]; arguments []; default message [password]]; default message [yoo], Field error in object 'user' on field 'password': rejected value []; codes [Size.user.password,Size.password,Size.java.lang.String,Size]; arguments [org.springframework.context.support.DefaultMessageSourceResolvable: codes [user.password,password]; arguments []; default message [password],15,8]; default message [size must be between 8 and 15]]
2024-09-14 17:29:07 [http-nio-8080-exec-7] DEBUG com.example.spring_secure.SpringController - något gick fel under registering
2024-09-14 17:29:12 [http-nio-8080-exec-8] DEBUG com.example.spring_secure.SpringController - huvudmeny på endpoint / 
2024-09-14 17:29:18 [main] INFO  com.example.spring_secure.SpringSecureApplication - Starting SpringSecureApplication using Java 20.0.2 with PID 24640 (C:\Users\Martin\IdeaProjects\demo3\Spring_secure\target\classes started by Martin in C:\Users\Martin\IdeaProjects\demo3\Spring_secure)
2024-09-14 17:29:18 [main] DEBUG com.example.spring_secure.SpringSecureApplication - Running with Spring Boot v3.3.2, Spring v6.1.11
2024-09-14 17:29:18 [main] INFO  com.example.spring_secure.SpringSecureApplication - No active profile set, falling back to 1 default profile: "default"
2024-09-14 17:29:20 [main] INFO  com.example.spring_secure.SpringSecureApplication - Started SpringSecureApplication in 1.768 seconds (process running for 2.33)
2024-09-14 17:29:25 [http-nio-8080-exec-5] DEBUG com.example.spring_secure.SpringController - huvudmeny på endpoint / 
2024-09-14 17:29:27 [http-nio-8080-exec-8] DEBUG com.example.spring_secure.SpringController - registrering av användare på endpoint /register
2024-09-14 17:29:30 [http-nio-8080-exec-10] WARN  com.example.spring_secure.SpringController - något saknas i skapandet: [Field error in object 'user' on field 'password': rejected value []; codes [Size.user.password,Size.password,Size.java.lang.String,Size]; arguments [org.springframework.context.support.DefaultMessageSourceResolvable: codes [user.password,password]; arguments []; default message [password],15,8]; default message [size must be between 8 and 15], Field error in object 'user' on field 'password': rejected value []; codes [NotBlank.user.password,NotBlank.password,NotBlank.java.lang.String,NotBlank]; arguments [org.springframework.context.support.DefaultMessageSourceResolvable: codes [user.password,password]; arguments []; default message [password]]; default message [must not be blank], Field error in object 'user' on field 'email': rejected value [df]; codes [Email.user.email,Email.email,Email.java.lang.String,Email]; arguments [org.springframework.context.support.DefaultMessageSourceResolvable: codes [user.email,email]; arguments []; default message [email],[Ljakarta.validation.constraints.Pattern$Flag;@7dd4b826,.*]; default message [Enter a valid email address]]
2024-09-14 17:29:30 [http-nio-8080-exec-10] DEBUG com.example.spring_secure.SpringController - något gick fel under registering
2024-09-14 17:29:45 [http-nio-8080-exec-1] WARN  com.example.spring_secure.SpringController - något saknas i skapandet: [Field error in object 'user' on field 'password': rejected value [asdf]; codes [Size.user.password,Size.password,Size.java.lang.String,Size]; arguments [org.springframework.context.support.DefaultMessageSourceResolvable: codes [user.password,password]; arguments []; default message [password],15,8]; default message [size must be between 8 and 15]]
2024-09-14 17:29:45 [http-nio-8080-exec-1] DEBUG com.example.spring_secure.SpringController - något gick fel under registering
2024-09-14 17:29:52 [http-nio-8080-exec-2] INFO  com.example.spring_secure.SpringController - Ny användare skapad: email: m*****1@gmail.com
2024-09-14 17:29:52 [http-nio-8080-exec-2] DEBUG com.example.spring_secure.SpringController - avnändare registrerad m*****1@gmail.com
2024-09-14 17:30:06 [http-nio-8080-exec-3] DEBUG com.example.spring_secure.SpringController - huvudmeny på endpoint / 
2024-09-14 21:00:30 [main] INFO  com.example.spring_secure.GreetingControllerCombinedTest - Starting GreetingControllerCombinedTest using Java 20.0.2 with PID 10888 (started by Martin in C:\Users\Martin\IdeaProjects\demo3\Spring_secure)
2024-09-14 21:00:30 [main] DEBUG com.example.spring_secure.GreetingControllerCombinedTest - Running with Spring Boot v3.3.2, Spring v6.1.11
2024-09-14 21:00:30 [main] INFO  com.example.spring_secure.GreetingControllerCombinedTest - No active profile set, falling back to 1 default profile: "default"
2024-09-14 21:00:31 [main] INFO  com.example.spring_secure.GreetingControllerCombinedTest - Started GreetingControllerCombinedTest in 1.736 seconds (process running for 2.941)
2024-09-14 21:03:31 [main] INFO  com.example.spring_secure.GreetingControllerCombinedTest - Starting GreetingControllerCombinedTest using Java 20.0.2 with PID 20124 (started by Martin in C:\Users\Martin\IdeaProjects\demo3\Spring_secure)
2024-09-14 21:03:31 [main] DEBUG com.example.spring_secure.GreetingControllerCombinedTest - Running with Spring Boot v3.3.2, Spring v6.1.11
2024-09-14 21:03:31 [main] INFO  com.example.spring_secure.GreetingControllerCombinedTest - No active profile set, falling back to 1 default profile: "default"
2024-09-14 21:03:32 [main] INFO  com.example.spring_secure.GreetingControllerCombinedTest - Started GreetingControllerCombinedTest in 1.671 seconds (process running for 2.652)
2024-09-14 21:04:12 [main] INFO  com.example.spring_secure.GreetingControllerCombinedTest - Starting GreetingControllerCombinedTest using Java 20.0.2 with PID 10524 (started by Martin in C:\Users\Martin\IdeaProjects\demo3\Spring_secure)
2024-09-14 21:04:12 [main] DEBUG com.example.spring_secure.GreetingControllerCombinedTest - Running with Spring Boot v3.3.2, Spring v6.1.11
2024-09-14 21:04:12 [main] INFO  com.example.spring_secure.GreetingControllerCombinedTest - No active profile set, falling back to 1 default profile: "default"
2024-09-14 21:04:13 [main] INFO  com.example.spring_secure.GreetingControllerCombinedTest - Started GreetingControllerCombinedTest in 1.637 seconds (process running for 2.582)
2024-09-14 21:07:54 [main] INFO  com.example.spring_secure.GreetingControllerCombinedTest - Starting GreetingControllerCombinedTest using Java 20.0.2 with PID 25548 (started by Martin in C:\Users\Martin\IdeaProjects\demo3\Spring_secure)
2024-09-14 21:07:54 [main] DEBUG com.example.spring_secure.GreetingControllerCombinedTest - Running with Spring Boot v3.3.2, Spring v6.1.11
2024-09-14 21:07:54 [main] INFO  com.example.spring_secure.GreetingControllerCombinedTest - No active profile set, falling back to 1 default profile: "default"
2024-09-14 21:07:55 [main] INFO  com.example.spring_secure.GreetingControllerCombinedTest - Started GreetingControllerCombinedTest in 1.658 seconds (process running for 2.612)
2024-09-14 21:09:36 [main] INFO  com.example.spring_secure.GreetingControllerCombinedTest - Starting GreetingControllerCombinedTest using Java 20.0.2 with PID 22704 (started by Martin in C:\Users\Martin\IdeaProjects\demo3\Spring_secure)
2024-09-14 21:09:36 [main] DEBUG com.example.spring_secure.GreetingControllerCombinedTest - Running with Spring Boot v3.3.2, Spring v6.1.11
2024-09-14 21:09:36 [main] INFO  com.example.spring_secure.GreetingControllerCombinedTest - No active profile set, falling back to 1 default profile: "default"
2024-09-14 21:09:37 [main] INFO  com.example.spring_secure.GreetingControllerCombinedTest - Started GreetingControllerCombinedTest in 1.599 seconds (process running for 2.551)
2024-09-14 21:12:02 [main] INFO  com.example.spring_secure.GreetingControllerCombinedTest - Starting GreetingControllerCombinedTest using Java 20.0.2 with PID 23020 (started by Martin in C:\Users\Martin\IdeaProjects\demo3\Spring_secure)
2024-09-14 21:12:02 [main] DEBUG com.example.spring_secure.GreetingControllerCombinedTest - Running with Spring Boot v3.3.2, Spring v6.1.11
2024-09-14 21:12:02 [main] INFO  com.example.spring_secure.GreetingControllerCombinedTest - No active profile set, falling back to 1 default profile: "default"
2024-09-14 21:12:04 [main] INFO  com.example.spring_secure.GreetingControllerCombinedTest - Started GreetingControllerCombinedTest in 1.595 seconds (process running for 2.581)
2024-09-14 21:13:05 [main] INFO  com.example.spring_secure.GreetingControllerCombinedTest - Starting GreetingControllerCombinedTest using Java 20.0.2 with PID 12252 (started by Martin in C:\Users\Martin\IdeaProjects\demo3\Spring_secure)
2024-09-14 21:13:05 [main] DEBUG com.example.spring_secure.GreetingControllerCombinedTest - Running with Spring Boot v3.3.2, Spring v6.1.11
2024-09-14 21:13:05 [main] INFO  com.example.spring_secure.GreetingControllerCombinedTest - No active profile set, falling back to 1 default profile: "default"
2024-09-14 21:13:06 [main] INFO  com.example.spring_secure.GreetingControllerCombinedTest - Started GreetingControllerCombinedTest in 1.576 seconds (process running for 2.542)
2024-09-14 21:13:07 [main] INFO  com.example.spring_secure.SpringController - Ny användare skapad: email: t*****r@example.com
2024-09-14 21:13:07 [main] DEBUG com.example.spring_secure.SpringController - avnändare registrerad t*****r@example.com
2024-09-14 21:18:42 [main] INFO  com.example.spring_secure.GreetingControllerCombinedTest - Starting GreetingControllerCombinedTest using Java 20.0.2 with PID 15524 (started by Martin in C:\Users\Martin\IdeaProjects\demo3\Spring_secure)
2024-09-14 21:18:42 [main] DEBUG com.example.spring_secure.GreetingControllerCombinedTest - Running with Spring Boot v3.3.2, Spring v6.1.11
2024-09-14 21:18:42 [main] INFO  com.example.spring_secure.GreetingControllerCombinedTest - No active profile set, falling back to 1 default profile: "default"
2024-09-14 21:18:44 [main] INFO  com.example.spring_secure.GreetingControllerCombinedTest - Started GreetingControllerCombinedTest in 1.609 seconds (process running for 2.582)
2024-09-14 21:18:44 [main] INFO  com.example.spring_secure.SpringController - Ny användare skapad: email: t*****r@example.com
2024-09-14 21:18:44 [main] DEBUG com.example.spring_secure.SpringController - avnändare registrerad t*****r@example.com
2024-09-14 21:19:00 [main] INFO  com.example.spring_secure.GreetingControllerCombinedTest - Starting GreetingControllerCombinedTest using Java 20.0.2 with PID 17676 (started by Martin in C:\Users\Martin\IdeaProjects\demo3\Spring_secure)
2024-09-14 21:19:00 [main] DEBUG com.example.spring_secure.GreetingControllerCombinedTest - Running with Spring Boot v3.3.2, Spring v6.1.11
2024-09-14 21:19:00 [main] INFO  com.example.spring_secure.GreetingControllerCombinedTest - No active profile set, falling back to 1 default profile: "default"
2024-09-14 21:19:01 [main] INFO  com.example.spring_secure.GreetingControllerCombinedTest - Started GreetingControllerCombinedTest in 1.781 seconds (process running for 2.727)
2024-09-14 21:19:02 [main] INFO  com.example.spring_secure.SpringController - Ny användare skapad: email: t*****r@example.com
2024-09-14 21:19:02 [main] DEBUG com.example.spring_secure.SpringController - avnändare registrerad t*****r@example.com
2024-09-14 21:19:10 [main] INFO  com.example.spring_secure.GreetingControllerCombinedTest - Starting GreetingControllerCombinedTest using Java 20.0.2 with PID 20220 (started by Martin in C:\Users\Martin\IdeaProjects\demo3\Spring_secure)
2024-09-14 21:19:10 [main] DEBUG com.example.spring_secure.GreetingControllerCombinedTest - Running with Spring Boot v3.3.2, Spring v6.1.11
2024-09-14 21:19:10 [main] INFO  com.example.spring_secure.GreetingControllerCombinedTest - No active profile set, falling back to 1 default profile: "default"
2024-09-14 21:19:11 [main] INFO  com.example.spring_secure.GreetingControllerCombinedTest - Started GreetingControllerCombinedTest in 1.572 seconds (process running for 2.527)
2024-09-14 21:19:12 [main] DEBUG com.example.spring_secure.SpringController - huvudmeny på endpoint / 
2024-09-14 21:19:51 [main] INFO  com.example.spring_secure.GreetingControllerCombinedTest - Starting GreetingControllerCombinedTest using Java 20.0.2 with PID 5124 (started by Martin in C:\Users\Martin\IdeaProjects\demo3\Spring_secure)
2024-09-14 21:19:51 [main] DEBUG com.example.spring_secure.GreetingControllerCombinedTest - Running with Spring Boot v3.3.2, Spring v6.1.11
2024-09-14 21:19:51 [main] INFO  com.example.spring_secure.GreetingControllerCombinedTest - No active profile set, falling back to 1 default profile: "default"
2024-09-14 21:19:52 [main] INFO  com.example.spring_secure.GreetingControllerCombinedTest - Started GreetingControllerCombinedTest in 1.621 seconds (process running for 2.624)
2024-09-14 21:19:53 [main] DEBUG com.example.spring_secure.SpringController - huvudmeny på endpoint / 
2024-09-14 21:20:09 [main] INFO  com.example.spring_secure.GreetingControllerCombinedTest - Starting GreetingControllerCombinedTest using Java 20.0.2 with PID 19796 (started by Martin in C:\Users\Martin\IdeaProjects\demo3\Spring_secure)
2024-09-14 21:20:09 [main] DEBUG com.example.spring_secure.GreetingControllerCombinedTest - Running with Spring Boot v3.3.2, Spring v6.1.11
2024-09-14 21:20:09 [main] INFO  com.example.spring_secure.GreetingControllerCombinedTest - No active profile set, falling back to 1 default profile: "default"
2024-09-14 21:20:10 [main] INFO  com.example.spring_secure.GreetingControllerCombinedTest - Started GreetingControllerCombinedTest in 1.632 seconds (process running for 2.57)
2024-09-14 21:20:11 [main] INFO  com.example.spring_secure.SpringController - Ny användare skapad: email: t*****r@example.com
2024-09-14 21:20:11 [main] DEBUG com.example.spring_secure.SpringController - avnändare registrerad t*****r@example.com
2024-09-14 21:20:11 [main] DEBUG com.example.spring_secure.SpringController - huvudmeny på endpoint / 
